Arguments: 
  /Users/cobraz/.volta/tools/image/node/18.14.0/bin/node /Users/cobraz/.volta/tools/image/yarn/1.22.19/bin/yarn.js add normalize.css

PATH: 
  /Users/cobraz/.volta/tools/image/yarn/1.22.19/bin:/Users/cobraz/.volta/tools/image/node/18.14.0/bin:/Users/cobraz/.pyenv/shims:/Users/cobraz/.volta/bin:/opt/homebrew/opt/mysql-client/bin:/opt/homebrew/share/google-cloud-sdk/bin:/Users/cobraz/.yarn/bin:/Users/cobraz/.config/yarn/global/node_modules/.bin:/Users/cobraz/.volta/bin:/usr/local/sbin:/Users/cobraz/.volta/bin:/opt/homebrew/bin:/opt/homebrew/sbin:/usr/local/bin:/System/Cryptexes/App/usr/bin:/usr/bin:/bin:/usr/sbin:/sbin:/Users/cobraz/.pyenv/bin:/Users/cobraz/.volta/bin:/opt/homebrew/opt/mysql-client/bin:/opt/homebrew/share/google-cloud-sdk/bin:/Users/cobraz/.yarn/bin:/Users/cobraz/.config/yarn/global/node_modules/.bin:/usr/local/sbin:/opt/homebrew/bin:/opt/homebrew/sbin:/Users/cobraz/.cargo/bin:/Users/cobraz/.utilities/node_modules/.bin:/Users/cobraz/go/bin:/Applications/Visual Studio Code.app/Contents/Resources/app/bin:/Users/cobraz/.utilities/node_modules/.bin:/Users/cobraz/go/bin:/Applications/Visual Studio Code.app/Contents/Resources/app/bin

Yarn version: 
  1.22.19

Node version: 
  18.14.0

Platform: 
  darwin arm64

Trace: 
  Error: ENOENT: no such file or directory, copyfile '/Users/cobraz/Library/Caches/Yarn/v6/npm-glob-parent-6.0.2-6d237d99083950c79290f24c7642a3de9a28f9e3-integrity/node_modules/glob-parent/LICENSE' -> '/Users/cobraz/ghq/github.com/bjerkio/website/node_modules/eslint/node_modules/glob-parent/LICENSE'

npm manifest: 
  {
  	"name": "my-app",
  	"version": "0.0.1",
  	"private": true,
  	"packageManager": "pnpm@8.5.1",
  	"scripts": {
  		"dev": "vite dev",
  		"build": "vite build",
  		"preview": "vite preview",
  		"check": "svelte-kit sync && svelte-check --tsconfig ./tsconfig.json",
  		"check:watch": "svelte-kit sync && svelte-check --tsconfig ./tsconfig.json --watch",
  		"lint": "prettier --plugin-search-dir . --check . && eslint .",
  		"format": "prettier --plugin-search-dir . --write ."
  	},
  	"devDependencies": {
  		"@sveltejs/adapter-static": "^2.0.2",
  		"@sveltejs/kit": "^1.5.0",
  		"@typescript-eslint/eslint-plugin": "^5.45.0",
  		"@typescript-eslint/parser": "^5.45.0",
  		"eslint": "^8.28.0",
  		"eslint-config-prettier": "^8.5.0",
  		"eslint-plugin-svelte": "^2.26.0",
  		"prettier": "^2.8.0",
  		"prettier-plugin-svelte": "^2.8.1",
  		"schema-dts": "^1.1.2",
  		"svelte": "^3.54.0",
  		"svelte-check": "^3.0.1",
  		"tslib": "^2.4.1",
  		"typescript": "^5.0.0",
  		"vite": "^4.3.0"
  	},
  	"type": "module",
  	"dependencies": {
  		"@fontsource-variable/sora": "^5.0.1",
  		"sass": "^1.62.1"
  	}
  }

yarn manifest: 
  No manifest

Lockfile: 
  No lockfile
